<?xml version="1.0" encoding="UTF-8"?>
<testng-results skipped="0" failed="0" ignored="0" total="1" passed="1">
  <reporter-output>
  </reporter-output>
  <suite name="Default suite" duration-ms="19084" started-at="2020-05-30T15:11:22 IST" finished-at="2020-05-30T15:11:41 IST">
    <groups>
    </groups>
    <test name="Default test" duration-ms="19084" started-at="2020-05-30T15:11:22 IST" finished-at="2020-05-30T15:11:41 IST">
      <class name="AddToCart.Amazon.AddToCart">
        <test-method status="PASS" signature="browserinitiate()[pri:0, instance:AddToCart.Amazon.AddToCart@ca30bc1]" name="browserinitiate" is-config="true" duration-ms="7529" started-at="2020-05-30T15:11:22 IST" finished-at="2020-05-30T15:11:29 IST">
          <reporter-output>
          </reporter-output>
        </test-method> <!-- browserinitiate -->
        <test-method status="PASS" signature="addtoCart()[pri:0, instance:AddToCart.Amazon.AddToCart@ca30bc1]" name="addtoCart" duration-ms="11455" started-at="2020-05-30T15:11:29 IST" finished-at="2020-05-30T15:11:41 IST">
          <reporter-output>
          </reporter-output>
        </test-method> <!-- addtoCart -->
      </class> <!-- AddToCart.Amazon.AddToCart -->
    </test> <!-- Default test -->
  </suite> <!-- Default suite -->
</testng-results>
